<?xml version="1.0" encoding="UTF-8"?>
<!-- Generated by org.testng.reporters.JUnitReportReporter -->
<testsuite hostname="DESKTOP-GBI4RS3" failures="0" tests="2" name="comcast.crm.contacttest.CreateContactWithname" time="36.456" errors="0" timestamp="2025-12-19T12:12:47 IST" skipped="0">
  <testcase classname="comcast.crm.contacttest.CreateContactWithname" name="createOrgAndContactTest" time="18.618"/>
  <testcase classname="comcast.crm.contacttest.CreateContactWithname" name="createContWithSuppDateTest" time="17.838"/>
</testsuite> <!-- comcast.crm.contacttest.CreateContactWithname -->
