<?xml version="1.0" encoding="UTF-8"?>
<!-- Generated by org.testng.reporters.JUnitReportReporter -->
<testsuite hostname="DESKTOP-GBI4RS3" failures="0" tests="3" name="practice.ecommerce.GetProductDataProviderInfo" time="25.403" errors="0" timestamp="2025-12-17T17:41:00 IST" skipped="0">
  <testcase classname="practice.ecommerce.GetProductDataProviderInfo" name="getProductInfoTest" time="8.230"/>
  <testcase classname="practice.ecommerce.GetProductDataProviderInfo" name="getProductInfoTest" time="9.541"/>
  <testcase classname="practice.ecommerce.GetProductDataProviderInfo" name="getProductInfoTest" time="7.632"/>
</testsuite> <!-- practice.ecommerce.GetProductDataProviderInfo -->
