<?xml version="1.0" encoding="UTF-8"?>
<!-- Generated by org.testng.reporters.JUnitXMLReporter -->
<testsuite ignored="2" hostname="DESKTOP-GBI4RS3" failures="0" tests="6" name="Test" time="121.898" errors="0" timestamp="2025-12-18T15:29:25 IST">
  <testcase classname="comcast.crm.contacttest.CreateContactWithname" name="contactTest" time="6.674"/>
  <testcase classname="comcast.crm.contacttest.CreateContactWithname" name="createContWithSuppDateTest" time="8.598"/>
  <testcase classname="comcast.crm.contacttest.CreateContactWithname" name="createOrgAndContactTest" time="12.72"/>
  <testcase classname="comcast.crm.orgtest.CreateOrganizationTestData" name="createOrg" time="5.956"/>
  <testcase classname="comcast.crm.orgtest.CreateOrganizationTestData" name="createOrgWithPhno" time="8.976"/>
  <testcase classname="comcast.crm.orgtest.CreateOrganizationTestData" name="selIndustryDropDown" time="10.961"/>
  <testcase classname="com.comcast.crm.basetest.BaseClass" name="@BeforeSuite configBS" time="0.0">
    <ignored/>
  </testcase> <!-- @BeforeSuite configBS -->
  <testcase classname="com.comcast.crm.basetest.BaseClass" name="@AfterSuite configAS" time="0.0">
    <ignored/>
  </testcase> <!-- @AfterSuite configAS -->
</testsuite> <!-- Test -->
