<?xml version="1.0" encoding="UTF-8"?>
<!-- Generated by org.testng.reporters.JUnitXMLReporter -->
<testsuite ignored="0" hostname="DESKTOP-GBI4RS3" failures="0" tests="3" name="Test-2" time="0.099" errors="0" timestamp="2025-12-19T11:34:22 IST">
  <testcase classname="comcast.crm.orgtest.CreateOrganizationTestData" name="createOrg" time="0.001">
    <skipped/>
  </testcase> <!-- createOrg -->
  <testcase classname="comcast.crm.orgtest.CreateOrganizationTestData" name="createOrgWithPhno" time="0.0">
    <skipped/>
  </testcase> <!-- createOrgWithPhno -->
  <testcase classname="comcast.crm.orgtest.CreateOrganizationTestData" name="selIndustryDropDown" time="0.0">
    <skipped/>
  </testcase> <!-- selIndustryDropDown -->
</testsuite> <!-- Test-2 -->
