<?xml version="1.0" encoding="UTF-8"?>
<!-- Generated by org.testng.reporters.JUnitXMLReporter -->
<testsuite ignored="0" hostname="DESKTOP-GBI4RS3" failures="0" tests="3" name="Test" time="32.892" errors="0" timestamp="2025-12-23T13:32:04 IST">
  <testcase classname="comcast.crm.orgtest.CreateOrganizationTestData" name="createOrg" time="7.524"/>
  <testcase classname="comcast.crm.orgtest.CreateOrganizationTestData" name="createOrgWithPhno" time="5.316"/>
  <testcase classname="comcast.crm.orgtest.CreateOrganizationTestData" name="selIndustryDropDown" time="7.598"/>
</testsuite> <!-- Test -->
