<?xml version="1.0" encoding="UTF-8"?>
<!-- Generated by org.testng.reporters.JUnitXMLReporter -->
<testsuite ignored="2" hostname="DESKTOP-GBI4RS3" failures="0" tests="1" name="Default test" time="283.515" errors="0" timestamp="2025-12-24T08:50:00 IST">
  <testcase classname="comcast.crm.orgtest.CreateOrganizationTestData" name="createOrg" time="251.439"/>
  <testcase classname="comcast.crm.orgtest.CreateOrganizationTestData" name="createOrgWithPhno" time="0.0">
    <ignored/>
  </testcase> <!-- createOrgWithPhno -->
  <testcase classname="comcast.crm.orgtest.CreateOrganizationTestData" name="selIndustryDropDown" time="0.0">
    <ignored/>
  </testcase> <!-- selIndustryDropDown -->
</testsuite> <!-- Default test -->
