<?xml version="1.0" encoding="UTF-8"?>
<testsuite xmlns:xsi="http://www.w3.org/2001/XMLSchema-instance" xsi:noNamespaceSchemaLocation="https://maven.apache.org/surefire/maven-surefire-plugin/xsd/surefire-test-report.xsd" version="3.0.2" name="TestSuite" time="0.598" tests="4" errors="0" skipped="0" failures="0">
  <properties>
[...]
</properties>
  <testcase name="createContactTest" classname="pac1.ContactTest" time="0.01">
    <system-out><![CDATA[http://testenv.com
admin
admin
Firefox
createContactTest
]]></system-out>
    <system-err><![CDATA[SLF4J: Failed to load class "org.slf4j.impl.StaticLoggerBinder".
SLF4J: Defaulting to no-operation (NOP) logger implementation
SLF4J: See http://www.slf4j.org/codes.html#StaticLoggerBinder for further details.
]]></system-err>
  </testcase>
  <testcase name="modifyContactTest" classname="pac1.ContactTest" time="0.004">
    <system-out><![CDATA[modifyContactTest
]]></system-out>
  </testcase>
  <testcase name="createOrgTest" classname="pac2.OrgTest" time="0.003">
    <system-out><![CDATA[createOrgTest
]]></system-out>
  </testcase>
  <testcase name="modifyOrg" classname="pac2.OrgTest" time="0.001">
    <system-out><![CDATA[modify org test
]]></system-out>
  </testcase>
</testsuite>