<?xml version="1.0" encoding="UTF-8"?>
<testng-results ignored="0" total="4" passed="4" failed="0" skipped="0">
  <reporter-output>
  </reporter-output>
  <suite started-at="2025-12-30T13:06:07 IST" name="Suite" finished-at="2025-12-30T13:06:07 IST" duration-ms="49">
    <groups>
    </groups>
    <test started-at="2025-12-30T13:06:07 IST" name="Test" finished-at="2025-12-30T13:06:07 IST" duration-ms="49">
      <class name="pac1.ContactTest">
        <test-method signature="createContactTest()[pri:0, instance:pac1.ContactTest@12e61fe6]" started-at="2025-12-30T13:06:07 IST" name="createContactTest" finished-at="2025-12-30T13:06:07 IST" duration-ms="7" status="PASS">
          <reporter-output>
          </reporter-output>
        </test-method> <!-- createContactTest -->
        <test-method signature="modifyContactTest()[pri:0, instance:pac1.ContactTest@12e61fe6]" started-at="2025-12-30T13:06:07 IST" name="modifyContactTest" finished-at="2025-12-30T13:06:07 IST" duration-ms="1" status="PASS">
          <reporter-output>
          </reporter-output>
        </test-method> <!-- modifyContactTest -->
      </class> <!-- pac1.ContactTest -->
      <class name="pac2.OrgTest">
        <test-method signature="createOrgTest()[pri:0, instance:pac2.OrgTest@7f010382]" started-at="2025-12-30T13:06:07 IST" name="createOrgTest" finished-at="2025-12-30T13:06:07 IST" duration-ms="1" status="PASS">
          <reporter-output>
          </reporter-output>
        </test-method> <!-- createOrgTest -->
        <test-method signature="modifyOrg()[pri:0, instance:pac2.OrgTest@7f010382]" started-at="2025-12-30T13:06:07 IST" name="modifyOrg" finished-at="2025-12-30T13:06:07 IST" duration-ms="0" status="PASS">
          <reporter-output>
          </reporter-output>
        </test-method> <!-- modifyOrg -->
      </class> <!-- pac2.OrgTest -->
    </test> <!-- Test -->
  </suite> <!-- Suite -->
</testng-results>
