<?xml version="1.0" encoding="UTF-8"?>
<testng-results ignored="0" total="1" passed="1" failed="0" skipped="0">
  <reporter-output>
  </reporter-output>
  <suite started-at="2025-12-24T08:45:17 IST" name="Default suite" finished-at="2025-12-24T08:50:00 IST" duration-ms="283515">
    <groups>
      <group name="smokeTest">
        <method signature="CreateOrganizationTestData.createOrg()[pri:0, instance:comcast.crm.orgtest.CreateOrganizationTestData@77c2494c]" name="createOrg" class="comcast.crm.orgtest.CreateOrganizationTestData"/>
      </group> <!-- smokeTest -->
    </groups>
    <test started-at="2025-12-24T08:45:17 IST" name="Default test" finished-at="2025-12-24T08:50:00 IST" duration-ms="283515">
      <class name="comcast.crm.orgtest.CreateOrganizationTestData">
        <test-method is-config="true" signature="configBS()[pri:0, instance:comcast.crm.orgtest.CreateOrganizationTestData@77c2494c]" started-at="2025-12-24T08:44:21 IST" name="configBS" finished-at="2025-12-24T08:45:17 IST" duration-ms="55540" status="PASS">
          <reporter-output>
          </reporter-output>
        </test-method> <!-- configBS -->
        <test-method is-config="true" signature="configBC()[pri:0, instance:comcast.crm.orgtest.CreateOrganizationTestData@77c2494c]" started-at="2025-12-24T08:45:17 IST" name="configBC" finished-at="2025-12-24T08:45:29 IST" duration-ms="12164" status="PASS">
          <reporter-output>
          </reporter-output>
        </test-method> <!-- configBC -->
        <test-method is-config="true" signature="configBM()[pri:0, instance:comcast.crm.orgtest.CreateOrganizationTestData@77c2494c]" started-at="2025-12-24T08:45:29 IST" name="configBM" finished-at="2025-12-24T08:45:47 IST" duration-ms="18053" status="PASS">
          <reporter-output>
          </reporter-output>
        </test-method> <!-- configBM -->
        <test-method signature="createOrg()[pri:0, instance:comcast.crm.orgtest.CreateOrganizationTestData@77c2494c]" started-at="2025-12-24T08:45:47 IST" name="createOrg" finished-at="2025-12-24T08:49:59 IST" duration-ms="251439" status="PASS">
          <reporter-output>
          </reporter-output>
        </test-method> <!-- createOrg -->
        <test-method is-config="true" signature="configAM()[pri:0, instance:comcast.crm.orgtest.CreateOrganizationTestData@77c2494c]" started-at="2025-12-24T08:49:59 IST" name="configAM" finished-at="2025-12-24T08:50:00 IST" duration-ms="1168" status="PASS">
          <reporter-output>
          </reporter-output>
        </test-method> <!-- configAM -->
        <test-method is-config="true" signature="configAC()[pri:0, instance:comcast.crm.orgtest.CreateOrganizationTestData@77c2494c]" started-at="2025-12-24T08:50:00 IST" name="configAC" finished-at="2025-12-24T08:50:00 IST" duration-ms="608" status="PASS">
          <reporter-output>
          </reporter-output>
        </test-method> <!-- configAC -->
        <test-method is-config="true" signature="configAS()[pri:0, instance:comcast.crm.orgtest.CreateOrganizationTestData@77c2494c]" started-at="2025-12-24T08:50:00 IST" name="configAS" finished-at="2025-12-24T08:50:00 IST" duration-ms="10" status="PASS">
          <reporter-output>
          </reporter-output>
        </test-method> <!-- configAS -->
      </class> <!-- comcast.crm.orgtest.CreateOrganizationTestData -->
    </test> <!-- Default test -->
  </suite> <!-- Default suite -->
</testng-results>
